<?xml version="1.0" encoding="UTF-8"?>
<!-- Generated by org.testng.reporters.JUnitXMLReporter -->
<testsuite ignored="1" hostname="BSBLRL-16366" failures="0" tests="1" name="Default test" time="3.84" errors="0" timestamp="2024-03-28T20:31:17 IST">
  <testcase classname="dailyCode_3.ParseJsonResponseData" name="TestJsonResponse" time="3.797"/>
  <testcase classname="dailyCode_3.ParseJsonResponseData" name="TestJsonResponseBodyData" time="0.0">
    <ignored/>
  </testcase> <!-- TestJsonResponseBodyData -->
</testsuite> <!-- Default test -->
