<?xml version="1.0" encoding="UTF-8"?>
<testng-results ignored="0" total="1" passed="1" failed="0" skipped="0">
  <reporter-output>
  </reporter-output>
  <suite started-at="2024-03-27T19:10:28 IST" name="Default suite" finished-at="2024-03-27T19:10:31 IST" duration-ms="3026">
    <groups>
    </groups>
    <test started-at="2024-03-27T19:10:28 IST" name="Default test" finished-at="2024-03-27T19:10:31 IST" duration-ms="3026">
      <class name="dailyCode_2.LoggingDemo">
        <test-method signature="TestLogging()[pri:0, instance:dailyCode_2.LoggingDemo@3315d2d7]" started-at="2024-03-27T19:10:28 IST" name="TestLogging" finished-at="2024-03-27T19:10:31 IST" duration-ms="2979" status="PASS">
          <reporter-output>
          </reporter-output>
        </test-method> <!-- TestLogging -->
      </class> <!-- dailyCode_2.LoggingDemo -->
    </test> <!-- Default test -->
  </suite> <!-- Default suite -->
</testng-results>
