<?xml version="1.0" encoding="UTF-8"?>
<testng-results ignored="1" total="2" passed="1" failed="0" skipped="0">
  <reporter-output>
  </reporter-output>
  <suite started-at="2024-03-28T20:31:13 IST" name="Default suite" finished-at="2024-03-28T20:31:16 IST" duration-ms="3840">
    <groups>
    </groups>
    <test started-at="2024-03-28T20:31:13 IST" name="Default test" finished-at="2024-03-28T20:31:16 IST" duration-ms="3840">
      <class name="dailyCode_3.ParseJsonResponseData">
        <test-method signature="TestJsonResponse()[pri:0, instance:dailyCode_3.ParseJsonResponseData@6a370f4]" started-at="2024-03-28T20:31:13 IST" name="TestJsonResponse" finished-at="2024-03-28T20:31:16 IST" duration-ms="3797" status="PASS">
          <reporter-output>
          </reporter-output>
        </test-method> <!-- TestJsonResponse -->
      </class> <!-- dailyCode_3.ParseJsonResponseData -->
    </test> <!-- Default test -->
  </suite> <!-- Default suite -->
</testng-results>
